<?xml version="1.0" encoding="UTF-8" ?>
<testsuite 
errors="0" failures="0" hostname="pop-os" name="io.marianasilvago.utils.SudokuFileParserTest" tests="5" time="0.023" timestamp="2022-11-05T12:44:19">
  <properties>
[...]
</properties>
  <testcase 
  name="Sudoku parser should parse valid sudoku board" classname="io.marianasilvago.utils.SudokuFileParserTest" time="0.016">
</testcase>
  <testcase 
  name="Sudoku parser should throw error on invalid sudoku board with alphabets" classname="io.marianasilvago.utils.SudokuFileParserTest" time="0.003">
</testcase>
  <testcase 
  name="Sudoku parser should throw error on invalid sudoku board with invalid numbers" classname="io.marianasilvago.utils.SudokuFileParserTest" time="0.001">
</testcase>
  <testcase 
  name="Sudoku parser should throw error on invalid sudoku board with negative numbers" classname="io.marianasilvago.utils.SudokuFileParserTest" time="0.001">
</testcase>
  <testcase 
  name="Sudoku parser should throw error on invalid sudoku board with invalid shape" classname="io.marianasilvago.utils.SudokuFileParserTest" time="0.001">
</testcase>
  <system-out><![CDATA[]]></system-out>
  <system-err><![CDATA[]]></system-err>
</testsuite>
